2022-11-30 20:07:49 [    INFO] Opening ./data/bank_data.csv (churn_library.py:46)
2022-11-30 20:07:49 [    INFO] SUCCESS: Read in 10127 rows of data (churn_library.py:49)
2022-11-30 20:07:49 [    INFO] Creating target varible with name: churn (churn_library.py:53)
2022-11-30 20:07:49 [    INFO] SUCCESS: created target variable. (churn_library.py:57)
2022-11-30 20:07:49 [    INFO] Attempting to remove CLIENTNUM from dataframe. (churn_library.py:64)
2022-11-30 20:07:49 [    INFO] SUCESS: Removed CLIENTNUM from df (churn_library.py:66)
2022-11-30 20:07:49 [    INFO] Testing import_data: SUCCESS (churn_script_logging_and_tests.py:46)
2022-11-30 20:07:49 [    INFO] Opening ./data/bank_data.csv (churn_library.py:46)
2022-11-30 20:07:49 [    INFO] SUCCESS: Read in 10127 rows of data (churn_library.py:49)
2022-11-30 20:07:49 [    INFO] Creating target varible with name: churn (churn_library.py:53)
2022-11-30 20:07:49 [    INFO] SUCCESS: created target variable. (churn_library.py:57)
2022-11-30 20:07:49 [    INFO] Attempting to remove CLIENTNUM from dataframe. (churn_library.py:64)
2022-11-30 20:07:49 [    INFO] SUCESS: Removed CLIENTNUM from df (churn_library.py:66)
2022-11-30 20:07:49 [    INFO] Starting EDA testing (churn_script_logging_and_tests.py:63)
2022-11-30 20:07:49 [    INFO] Attempting churn view. (churn_library.py:87)
2022-11-30 20:07:49 [    INFO] Attempting Customer_age view. (churn_library.py:95)
2022-11-30 20:07:49 [    INFO] Attempting Marital_Status view. (churn_library.py:103)
2022-11-30 20:07:49 [    INFO] Attempting Total_Trans_Ct view. (churn_library.py:112)
2022-11-30 20:07:50 [    INFO] Attempting correlation heat map view. (churn_library.py:121)
2022-11-30 20:07:50 [    INFO] Opening ./data/bank_data.csv (churn_library.py:46)
2022-11-30 20:07:50 [    INFO] SUCCESS: Read in 10127 rows of data (churn_library.py:49)
2022-11-30 20:07:50 [    INFO] Creating target varible with name: churn (churn_library.py:53)
2022-11-30 20:07:50 [    INFO] SUCCESS: created target variable. (churn_library.py:57)
2022-11-30 20:07:50 [    INFO] Attempting to remove CLIENTNUM from dataframe. (churn_library.py:64)
2022-11-30 20:07:50 [    INFO] SUCESS: Removed CLIENTNUM from df (churn_library.py:66)
2022-11-30 20:07:50 [    INFO] Starting encoder_helper test (churn_script_logging_and_tests.py:113)
2022-11-30 20:07:50 [    INFO] Building list of categorical variables (churn_script_logging_and_tests.py:114)
2022-11-30 20:07:50 [    INFO] Categorical List has at least 1 column (churn_script_logging_and_tests.py:119)
2022-11-30 20:07:50 [    INFO] Starting to encode columns (churn_script_logging_and_tests.py:124)
2022-11-30 20:07:50 [    INFO] Creating encoded column Gender (churn_library.py:157)
2022-11-30 20:07:50 [    INFO] SUCCESS: created encoded Gender column. (churn_library.py:165)
2022-11-30 20:07:50 [    INFO] Creating encoded column Education_Level (churn_library.py:157)
2022-11-30 20:07:50 [    INFO] SUCCESS: created encoded Education_Level column. (churn_library.py:165)
2022-11-30 20:07:50 [    INFO] Creating encoded column Marital_Status (churn_library.py:157)
2022-11-30 20:07:50 [    INFO] SUCCESS: created encoded Marital_Status column. (churn_library.py:165)
2022-11-30 20:07:50 [    INFO] Creating encoded column Income_Category (churn_library.py:157)
2022-11-30 20:07:50 [    INFO] SUCCESS: created encoded Income_Category column. (churn_library.py:165)
2022-11-30 20:07:50 [    INFO] Creating encoded column Card_Category (churn_library.py:157)
2022-11-30 20:07:50 [    INFO] SUCCESS: created encoded Card_Category column. (churn_library.py:165)
2022-11-30 20:07:50 [    INFO] SUCCESS: Encoder function ran. (churn_script_logging_and_tests.py:126)
2022-11-30 20:07:50 [    INFO] Opening ./data/bank_data.csv (churn_library.py:46)
2022-11-30 20:07:50 [    INFO] SUCCESS: Read in 10127 rows of data (churn_library.py:49)
2022-11-30 20:07:50 [    INFO] Creating target varible with name: churn (churn_library.py:53)
2022-11-30 20:07:50 [    INFO] SUCCESS: created target variable. (churn_library.py:57)
2022-11-30 20:07:50 [    INFO] Attempting to remove CLIENTNUM from dataframe. (churn_library.py:64)
2022-11-30 20:07:50 [    INFO] SUCESS: Removed CLIENTNUM from df (churn_library.py:66)
2022-11-30 20:07:50 [    INFO] Creating encoded column Gender (churn_library.py:157)
2022-11-30 20:07:50 [    INFO] SUCCESS: created encoded Gender column. (churn_library.py:165)
2022-11-30 20:07:50 [    INFO] Creating encoded column Education_Level (churn_library.py:157)
2022-11-30 20:07:50 [    INFO] SUCCESS: created encoded Education_Level column. (churn_library.py:165)
2022-11-30 20:07:50 [    INFO] Creating encoded column Marital_Status (churn_library.py:157)
2022-11-30 20:07:51 [    INFO] SUCCESS: created encoded Marital_Status column. (churn_library.py:165)
2022-11-30 20:07:51 [    INFO] Creating encoded column Income_Category (churn_library.py:157)
2022-11-30 20:07:51 [    INFO] SUCCESS: created encoded Income_Category column. (churn_library.py:165)
2022-11-30 20:07:51 [    INFO] Creating encoded column Card_Category (churn_library.py:157)
2022-11-30 20:07:51 [    INFO] SUCCESS: created encoded Card_Category column. (churn_library.py:165)
2022-11-30 20:07:51 [    INFO] Splitting DataFrame into Features and Target... (churn_library.py:193)
2022-11-30 20:07:51 [    INFO] SUCCESS: Split dataframe into 19 "X" features and "y" target created. (churn_library.py:196)
2022-11-30 20:07:51 [    INFO] Splitting data into Train and Test sets (churn_library.py:198)
2022-11-30 20:07:51 [    INFO] SUCCESS: Data sets split into 7088 training rows and 3039 test rows. (churn_library.py:203)
2022-11-30 20:07:51 [    INFO] Opening ./data/bank_data.csv (churn_library.py:46)
2022-11-30 20:07:51 [    INFO] SUCCESS: Read in 10127 rows of data (churn_library.py:49)
2022-11-30 20:07:51 [    INFO] Creating target varible with name: churn (churn_library.py:53)
2022-11-30 20:07:51 [    INFO] SUCCESS: created target variable. (churn_library.py:57)
2022-11-30 20:07:51 [    INFO] Attempting to remove CLIENTNUM from dataframe. (churn_library.py:64)
2022-11-30 20:07:51 [    INFO] SUCESS: Removed CLIENTNUM from df (churn_library.py:66)
2022-11-30 20:07:51 [    INFO] Creating encoded column Gender (churn_library.py:157)
2022-11-30 20:07:51 [    INFO] SUCCESS: created encoded Gender column. (churn_library.py:165)
2022-11-30 20:07:51 [    INFO] Creating encoded column Education_Level (churn_library.py:157)
2022-11-30 20:07:51 [    INFO] SUCCESS: created encoded Education_Level column. (churn_library.py:165)
2022-11-30 20:07:51 [    INFO] Creating encoded column Marital_Status (churn_library.py:157)
2022-11-30 20:07:51 [    INFO] SUCCESS: created encoded Marital_Status column. (churn_library.py:165)
2022-11-30 20:07:51 [    INFO] Creating encoded column Income_Category (churn_library.py:157)
2022-11-30 20:07:51 [    INFO] SUCCESS: created encoded Income_Category column. (churn_library.py:165)
2022-11-30 20:07:51 [    INFO] Creating encoded column Card_Category (churn_library.py:157)
2022-11-30 20:07:51 [    INFO] SUCCESS: created encoded Card_Category column. (churn_library.py:165)
2022-11-30 20:07:51 [    INFO] Splitting DataFrame into Features and Target... (churn_library.py:193)
2022-11-30 20:07:51 [    INFO] SUCCESS: Split dataframe into 19 "X" features and "y" target created. (churn_library.py:196)
2022-11-30 20:07:51 [    INFO] Splitting data into Train and Test sets (churn_library.py:198)
2022-11-30 20:07:51 [    INFO] SUCCESS: Data sets split into 7088 training rows and 3039 test rows. (churn_library.py:203)
2022-11-30 20:07:59 [    INFO] Starting classification report for Random_Forest (churn_library.py:232)
2022-11-30 20:07:59 [    INFO] SUCCESS: Plot for type Random_Forest saved to ./images/results/ (churn_library.py:247)
2022-11-30 20:07:59 [    INFO] Starting classification report for Logistic_Regression (churn_library.py:232)
2022-11-30 20:07:59 [    INFO] SUCCESS: Plot for type Logistic_Regression saved to ./images/results/ (churn_library.py:247)
